<?xml version="1.0" encoding="UTF-8"?>
<!-- Generated by org.testng.reporters.JUnitReportReporter -->
<testsuite hostname="RohithMU" failures="0" tests="3" name="Third.ThirdScript" time="26.729" errors="0" timestamp="2024-06-26T13:42:22 IST" skipped="0">
  <testcase classname="Third.ThirdScript" name="register" time="9.407"/>
  <system-out>
    <![CDATA[Successfully Registerd]]>
  </system-out>
  <testcase classname="Third.ThirdScript" name="login" time="7.748"/>
  <system-out>
    <![CDATA[Successfully Logged In]]>
  </system-out>
  <testcase classname="Third.ThirdScript" name="logout" time="9.574"/>
  <system-out>
    <![CDATA[Successfully Logged In
Successfully Logged Out]]>
  </system-out>
</testsuite> <!-- Third.ThirdScript -->
